android/app/build/intermediates/manifest_merge_blame_file/release/manifest-merger-blame-release-report.txt
1<?xml version="1.0" encoding="utf-8"?>
2<manifest xmlns:android="http://schemas.android.com/apk/res/android"
3    package="com.artzyproject"
4    android:versionCode="1"
5    android:versionName="1.0" >
6
7    <uses-sdk
8        android:minSdkVersion="21"
8-->src\main\AndroidManifest.xml
9        android:targetSdkVersion="33" />
9-->src\main\AndroidManifest.xml
10
11    <uses-permission android:name="android.permission.INTERNET" />
11-->src\main\AndroidManifest.xml:4:5-67
11-->src\main\AndroidManifest.xml:4:22-64
12    <uses-permission android:name="android.permission.ACCESS_FINE_LOCATION" />
12-->src\main\AndroidManifest.xml:5:1-75
12-->src\main\AndroidManifest.xml:5:18-72
13    <uses-permission android:name="android.permission.ACCESS_COARSE_LOCATION" />
13-->src\main\AndroidManifest.xml:6:1-77
13-->src\main\AndroidManifest.xml:6:18-74
14
15    <queries>
15-->[androidx.camera:camera-extensions:1.1.0-beta02] AndroidManifest.xml:24:5-28:15
16        <intent>
16-->[androidx.camera:camera-extensions:1.1.0-beta02] AndroidManifest.xml:25:9-27:18
17            <action android:name="androidx.camera.extensions.action.VENDOR_ACTION" />
17-->[androidx.camera:camera-extensions:1.1.0-beta02] AndroidManifest.xml:26:13-86
17-->[androidx.camera:camera-extensions:1.1.0-beta02] AndroidManifest.xml:26:21-83
18        </intent>
19    </queries>
20
21    <application
21-->src\main\AndroidManifest.xml:7:5-26:19
22        android:name="com.artzyproject.MainApplication"
22-->src\main\AndroidManifest.xml:8:7-38
23        android:allowBackup="false"
23-->src\main\AndroidManifest.xml:12:7-34
24        android:appComponentFactory="androidx.core.app.CoreComponentFactory"
24-->[androidx.core:core:1.7.0] AndroidManifest.xml:24:18-86
25        android:icon="@mipmap/ic_launcher"
25-->src\main\AndroidManifest.xml:10:7-41
26        android:label="@string/app_name"
26-->src\main\AndroidManifest.xml:9:7-39
27        android:roundIcon="@mipmap/ic_launcher_round"
27-->src\main\AndroidManifest.xml:11:7-52
28        android:theme="@style/AppTheme" >
28-->src\main\AndroidManifest.xml:13:7-38
29        <activity
29-->src\main\AndroidManifest.xml:14:7-25:18
30            android:name="com.artzyproject.MainActivity"
30-->src\main\AndroidManifest.xml:15:9-37
31            android:configChanges="keyboard|keyboardHidden|orientation|screenLayout|screenSize|smallestScreenSize|uiMode"
31-->src\main\AndroidManifest.xml:17:9-118
32            android:exported="true"
32-->src\main\AndroidManifest.xml:20:9-32
33            android:label="@string/app_name"
33-->src\main\AndroidManifest.xml:16:9-41
34            android:launchMode="singleTask"
34-->src\main\AndroidManifest.xml:18:9-40
35            android:windowSoftInputMode="adjustResize" >
35-->src\main\AndroidManifest.xml:19:9-51
36            <intent-filter>
36-->src\main\AndroidManifest.xml:21:9-24:25
37                <action android:name="android.intent.action.MAIN" />
37-->src\main\AndroidManifest.xml:22:13-65
37-->src\main\AndroidManifest.xml:22:21-62
38
39                <category android:name="android.intent.category.LAUNCHER" />
39-->src\main\AndroidManifest.xml:23:13-73
39-->src\main\AndroidManifest.xml:23:23-70
40            </intent-filter>
41        </activity>
42
43        <provider
43-->[:react-native-image-picker] AndroidManifest.xml:10:9-18:20
44            android:name="com.imagepicker.ImagePickerProvider"
44-->[:react-native-image-picker] AndroidManifest.xml:11:13-63
45            android:authorities="com.artzyproject.imagepickerprovider"
45-->[:react-native-image-picker] AndroidManifest.xml:12:13-71
46            android:exported="false"
46-->[:react-native-image-picker] AndroidManifest.xml:13:13-37
47            android:grantUriPermissions="true" >
47-->[:react-native-image-picker] AndroidManifest.xml:14:13-47
48            <meta-data
48-->[:react-native-image-picker] AndroidManifest.xml:15:13-17:70
49                android:name="android.support.FILE_PROVIDER_PATHS"
49-->[:react-native-image-picker] AndroidManifest.xml:16:17-67
50                android:resource="@xml/imagepicker_provider_paths" />
50-->[:react-native-image-picker] AndroidManifest.xml:17:17-67
51        </provider>
52
53        <uses-library
53-->[androidx.camera:camera-extensions:1.1.0-beta02] AndroidManifest.xml:31:9-33:40
54            android:name="androidx.camera.extensions.impl"
54-->[androidx.camera:camera-extensions:1.1.0-beta02] AndroidManifest.xml:32:13-59
55            android:required="false" />
55-->[androidx.camera:camera-extensions:1.1.0-beta02] AndroidManifest.xml:33:13-37
56
57        <service
57-->[androidx.camera:camera-camera2:1.1.0-beta02] AndroidManifest.xml:26:9-35:19
58            android:name="androidx.camera.core.impl.MetadataHolderService"
58-->[androidx.camera:camera-camera2:1.1.0-beta02] AndroidManifest.xml:27:13-75
59            android:enabled="false"
59-->[androidx.camera:camera-camera2:1.1.0-beta02] AndroidManifest.xml:28:13-36
60            android:exported="false" >
60-->[androidx.camera:camera-camera2:1.1.0-beta02] AndroidManifest.xml:29:13-37
61            <meta-data
61-->[androidx.camera:camera-camera2:1.1.0-beta02] AndroidManifest.xml:32:13-34:89
62                android:name="androidx.camera.core.impl.MetadataHolderService.DEFAULT_CONFIG_PROVIDER"
62-->[androidx.camera:camera-camera2:1.1.0-beta02] AndroidManifest.xml:33:17-103
63                android:value="androidx.camera.camera2.Camera2Config$DefaultProvider" />
63-->[androidx.camera:camera-camera2:1.1.0-beta02] AndroidManifest.xml:34:17-86
64        </service>
65
66        <activity
66-->[com.google.android.gms:play-services-base:18.1.0] AndroidManifest.xml:20:9-22:45
67            android:name="com.google.android.gms.common.api.GoogleApiActivity"
67-->[com.google.android.gms:play-services-base:18.1.0] AndroidManifest.xml:20:19-85
68            android:exported="false"
68-->[com.google.android.gms:play-services-base:18.1.0] AndroidManifest.xml:22:19-43
69            android:theme="@android:style/Theme.Translucent.NoTitleBar" />
69-->[com.google.android.gms:play-services-base:18.1.0] AndroidManifest.xml:21:19-78
70
71        <meta-data
71-->[com.google.android.gms:play-services-basement:18.1.0] AndroidManifest.xml:21:9-23:69
72            android:name="com.google.android.gms.version"
72-->[com.google.android.gms:play-services-basement:18.1.0] AndroidManifest.xml:22:13-58
73            android:value="@integer/google_play_services_version" />
73-->[com.google.android.gms:play-services-basement:18.1.0] AndroidManifest.xml:23:13-66
74
75        <provider
75-->[androidx.emoji2:emoji2:1.0.0] AndroidManifest.xml:26:9-34:20
76            android:name="androidx.startup.InitializationProvider"
76-->[androidx.emoji2:emoji2:1.0.0] AndroidManifest.xml:27:13-67
77            android:authorities="com.artzyproject.androidx-startup"
77-->[androidx.emoji2:emoji2:1.0.0] AndroidManifest.xml:28:13-68
78            android:exported="false" >
78-->[androidx.emoji2:emoji2:1.0.0] AndroidManifest.xml:29:13-37
79            <meta-data
79-->[androidx.emoji2:emoji2:1.0.0] AndroidManifest.xml:31:13-33:52
80                android:name="androidx.emoji2.text.EmojiCompatInitializer"
80-->[androidx.emoji2:emoji2:1.0.0] AndroidManifest.xml:32:17-75
81                android:value="androidx.startup" />
81-->[androidx.emoji2:emoji2:1.0.0] AndroidManifest.xml:33:17-49
82            <meta-data
82-->[androidx.lifecycle:lifecycle-process:2.4.0] AndroidManifest.xml:31:13-33:52
83                android:name="androidx.lifecycle.ProcessLifecycleInitializer"
83-->[androidx.lifecycle:lifecycle-process:2.4.0] AndroidManifest.xml:32:17-78
84                android:value="androidx.startup" />
84-->[androidx.lifecycle:lifecycle-process:2.4.0] AndroidManifest.xml:33:17-49
85        </provider>
86    </application>
87
88</manifest>